<?xml version="1.0" encoding="UTF-8"?>
<!-- Generated by org.testng.reporters.JUnitReportReporter -->
<testsuite skipped="0" hostname="B15-IT-C27650" name="HYBD_FW.AssertTest" tests="2" failures="0" timestamp="2021-11-21T16:22:21 IST" time="0.015" errors="0">
  <testcase name="asserttest" time="0.013" classname="HYBD_FW.AssertTest"/>
  <system-out>
    <![CDATA[open App
login
varify
logout
close App]]>
  </system-out>
  <testcase name="asserttest" time="0.002" classname="HYBD_FW.AssertTest"/>
  <system-out>
    <![CDATA[open App
login
varify
logout
close App]]>
  </system-out>
</testsuite> <!-- HYBD_FW.AssertTest -->
