<?xml version="1.0" encoding="UTF-8"?>
<!-- Generated by org.testng.reporters.JUnitReportReporter -->
<testsuite skipped="0" hostname="B15-IT-C27650" name="testngcheck.Demo2" tests="40" failures="0" timestamp="2021-11-28T12:34:28 IST" time="20.149" errors="0">
  <testcase name="testC" time="0.507" classname="testngcheck.Demo2"/>
  <system-out>
    <![CDATA[Test C]]>
  </system-out>
  <testcase name="testC" time="0.502" classname="testngcheck.Demo2"/>
  <system-out>
    <![CDATA[Test C]]>
  </system-out>
  <testcase name="testD" time="0.504" classname="testngcheck.Demo2"/>
  <system-out>
    <![CDATA[Test D]]>
  </system-out>
  <testcase name="testD" time="0.502" classname="testngcheck.Demo2"/>
  <system-out>
    <![CDATA[Test D]]>
  </system-out>
  <testcase name="testD" time="0.504" classname="testngcheck.Demo2"/>
  <system-out>
    <![CDATA[Test D]]>
  </system-out>
  <testcase name="testD" time="0.504" classname="testngcheck.Demo2"/>
  <system-out>
    <![CDATA[Test D]]>
  </system-out>
  <testcase name="testD" time="0.502" classname="testngcheck.Demo2"/>
  <system-out>
    <![CDATA[Test D]]>
  </system-out>
  <testcase name="testD" time="0.502" classname="testngcheck.Demo2"/>
  <system-out>
    <![CDATA[Test D]]>
  </system-out>
  <testcase name="testD" time="0.503" classname="testngcheck.Demo2"/>
  <system-out>
    <![CDATA[Test D]]>
  </system-out>
  <testcase name="testC" time="0.504" classname="testngcheck.Demo2"/>
  <system-out>
    <![CDATA[Test C]]>
  </system-out>
  <testcase name="testD" time="0.504" classname="testngcheck.Demo2"/>
  <system-out>
    <![CDATA[Test D]]>
  </system-out>
  <testcase name="testD" time="0.504" classname="testngcheck.Demo2"/>
  <system-out>
    <![CDATA[Test D]]>
  </system-out>
  <testcase name="testD" time="0.503" classname="testngcheck.Demo2"/>
  <system-out>
    <![CDATA[Test D]]>
  </system-out>
  <testcase name="testC" time="0.506" classname="testngcheck.Demo2"/>
  <system-out>
    <![CDATA[Test C]]>
  </system-out>
  <testcase name="testC" time="0.503" classname="testngcheck.Demo2"/>
  <system-out>
    <![CDATA[Test C]]>
  </system-out>
  <testcase name="testC" time="0.504" classname="testngcheck.Demo2"/>
  <system-out>
    <![CDATA[Test C]]>
  </system-out>
  <testcase name="testD" time="0.502" classname="testngcheck.Demo2"/>
  <system-out>
    <![CDATA[Test D]]>
  </system-out>
  <testcase name="testC" time="0.502" classname="testngcheck.Demo2"/>
  <system-out>
    <![CDATA[Test C]]>
  </system-out>
  <testcase name="testD" time="0.502" classname="testngcheck.Demo2"/>
  <system-out>
    <![CDATA[Test D]]>
  </system-out>
  <testcase name="testC" time="0.503" classname="testngcheck.Demo2"/>
  <system-out>
    <![CDATA[Test C]]>
  </system-out>
  <testcase name="testC" time="0.505" classname="testngcheck.Demo2"/>
  <system-out>
    <![CDATA[Test C]]>
  </system-out>
  <testcase name="testC" time="0.502" classname="testngcheck.Demo2"/>
  <system-out>
    <![CDATA[Test C]]>
  </system-out>
  <testcase name="testC" time="0.502" classname="testngcheck.Demo2"/>
  <system-out>
    <![CDATA[Test C]]>
  </system-out>
  <testcase name="testC" time="0.502" classname="testngcheck.Demo2"/>
  <system-out>
    <![CDATA[Test C]]>
  </system-out>
  <testcase name="testD" time="0.504" classname="testngcheck.Demo2"/>
  <system-out>
    <![CDATA[Test D]]>
  </system-out>
  <testcase name="testC" time="0.502" classname="testngcheck.Demo2"/>
  <system-out>
    <![CDATA[Test C]]>
  </system-out>
  <testcase name="testD" time="0.512" classname="testngcheck.Demo2"/>
  <system-out>
    <![CDATA[Test D]]>
  </system-out>
  <testcase name="testD" time="0.503" classname="testngcheck.Demo2"/>
  <system-out>
    <![CDATA[Test D]]>
  </system-out>
  <testcase name="testD" time="0.508" classname="testngcheck.Demo2"/>
  <system-out>
    <![CDATA[Test D]]>
  </system-out>
  <testcase name="testD" time="0.512" classname="testngcheck.Demo2"/>
  <system-out>
    <![CDATA[Test D]]>
  </system-out>
  <testcase name="testC" time="0.503" classname="testngcheck.Demo2"/>
  <system-out>
    <![CDATA[Test C]]>
  </system-out>
  <testcase name="testC" time="0.502" classname="testngcheck.Demo2"/>
  <system-out>
    <![CDATA[Test C]]>
  </system-out>
  <testcase name="testD" time="0.502" classname="testngcheck.Demo2"/>
  <system-out>
    <![CDATA[Test D]]>
  </system-out>
  <testcase name="testC" time="0.503" classname="testngcheck.Demo2"/>
  <system-out>
    <![CDATA[Test C]]>
  </system-out>
  <testcase name="testC" time="0.502" classname="testngcheck.Demo2"/>
  <system-out>
    <![CDATA[Test C]]>
  </system-out>
  <testcase name="testD" time="0.506" classname="testngcheck.Demo2"/>
  <system-out>
    <![CDATA[Test D]]>
  </system-out>
  <testcase name="testD" time="0.501" classname="testngcheck.Demo2"/>
  <system-out>
    <![CDATA[Test D]]>
  </system-out>
  <testcase name="testC" time="0.505" classname="testngcheck.Demo2"/>
  <system-out>
    <![CDATA[Test C]]>
  </system-out>
  <testcase name="testC" time="0.503" classname="testngcheck.Demo2"/>
  <system-out>
    <![CDATA[Test C]]>
  </system-out>
  <testcase name="testC" time="0.503" classname="testngcheck.Demo2"/>
  <system-out>
    <![CDATA[Test C]]>
  </system-out>
</testsuite> <!-- testngcheck.Demo2 -->
