<?xml version="1.0" encoding="UTF-8"?>
<!-- Generated by org.testng.reporters.JUnitReportReporter -->
<testsuite skipped="0" hostname="B15-IT-C27650" name="testngcheck.Demo1" tests="40" failures="0" timestamp="2021-11-28T12:34:28 IST" time="20.198" errors="0">
  <testcase name="testB" time="0.503" classname="testngcheck.Demo1"/>
  <system-out>
    <![CDATA[Test B]]>
  </system-out>
  <testcase name="testB" time="0.503" classname="testngcheck.Demo1"/>
  <system-out>
    <![CDATA[Test B]]>
  </system-out>
  <testcase name="testA" time="0.507" classname="testngcheck.Demo1"/>
  <system-out>
    <![CDATA[Test A]]>
  </system-out>
  <testcase name="testB" time="0.504" classname="testngcheck.Demo1"/>
  <system-out>
    <![CDATA[Test B]]>
  </system-out>
  <testcase name="testB" time="0.502" classname="testngcheck.Demo1"/>
  <system-out>
    <![CDATA[Test B]]>
  </system-out>
  <testcase name="testA" time="0.506" classname="testngcheck.Demo1"/>
  <system-out>
    <![CDATA[Test A]]>
  </system-out>
  <testcase name="testB" time="0.504" classname="testngcheck.Demo1"/>
  <system-out>
    <![CDATA[Test B]]>
  </system-out>
  <testcase name="testA" time="0.502" classname="testngcheck.Demo1"/>
  <system-out>
    <![CDATA[Test A]]>
  </system-out>
  <testcase name="testB" time="0.517" classname="testngcheck.Demo1"/>
  <system-out>
    <![CDATA[Test B]]>
  </system-out>
  <testcase name="testB" time="0.510" classname="testngcheck.Demo1"/>
  <system-out>
    <![CDATA[Test B]]>
  </system-out>
  <testcase name="testA" time="0.504" classname="testngcheck.Demo1"/>
  <system-out>
    <![CDATA[Test A]]>
  </system-out>
  <testcase name="testB" time="0.503" classname="testngcheck.Demo1"/>
  <system-out>
    <![CDATA[Test B]]>
  </system-out>
  <testcase name="testA" time="0.514" classname="testngcheck.Demo1"/>
  <system-out>
    <![CDATA[Test A]]>
  </system-out>
  <testcase name="testA" time="0.505" classname="testngcheck.Demo1"/>
  <system-out>
    <![CDATA[Test A]]>
  </system-out>
  <testcase name="testA" time="0.514" classname="testngcheck.Demo1"/>
  <system-out>
    <![CDATA[Test A]]>
  </system-out>
  <testcase name="testA" time="0.504" classname="testngcheck.Demo1"/>
  <system-out>
    <![CDATA[Test A]]>
  </system-out>
  <testcase name="testA" time="0.506" classname="testngcheck.Demo1"/>
  <system-out>
    <![CDATA[Test A]]>
  </system-out>
  <testcase name="testA" time="0.504" classname="testngcheck.Demo1"/>
  <system-out>
    <![CDATA[Test A]]>
  </system-out>
  <testcase name="testB" time="0.502" classname="testngcheck.Demo1"/>
  <system-out>
    <![CDATA[Test B]]>
  </system-out>
  <testcase name="testB" time="0.503" classname="testngcheck.Demo1"/>
  <system-out>
    <![CDATA[Test B]]>
  </system-out>
  <testcase name="testB" time="0.503" classname="testngcheck.Demo1"/>
  <system-out>
    <![CDATA[Test B]]>
  </system-out>
  <testcase name="testB" time="0.502" classname="testngcheck.Demo1"/>
  <system-out>
    <![CDATA[Test B]]>
  </system-out>
  <testcase name="testB" time="0.501" classname="testngcheck.Demo1"/>
  <system-out>
    <![CDATA[Test B]]>
  </system-out>
  <testcase name="testA" time="0.502" classname="testngcheck.Demo1"/>
  <system-out>
    <![CDATA[Test A]]>
  </system-out>
  <testcase name="testA" time="0.505" classname="testngcheck.Demo1"/>
  <system-out>
    <![CDATA[Test A]]>
  </system-out>
  <testcase name="testA" time="0.505" classname="testngcheck.Demo1"/>
  <system-out>
    <![CDATA[Test A]]>
  </system-out>
  <testcase name="testA" time="0.504" classname="testngcheck.Demo1"/>
  <system-out>
    <![CDATA[Test A]]>
  </system-out>
  <testcase name="testB" time="0.502" classname="testngcheck.Demo1"/>
  <system-out>
    <![CDATA[Test B]]>
  </system-out>
  <testcase name="testB" time="0.506" classname="testngcheck.Demo1"/>
  <system-out>
    <![CDATA[Test B]]>
  </system-out>
  <testcase name="testB" time="0.508" classname="testngcheck.Demo1"/>
  <system-out>
    <![CDATA[Test B]]>
  </system-out>
  <testcase name="testA" time="0.502" classname="testngcheck.Demo1"/>
  <system-out>
    <![CDATA[Test A]]>
  </system-out>
  <testcase name="testA" time="0.503" classname="testngcheck.Demo1"/>
  <system-out>
    <![CDATA[Test A]]>
  </system-out>
  <testcase name="testB" time="0.502" classname="testngcheck.Demo1"/>
  <system-out>
    <![CDATA[Test B]]>
  </system-out>
  <testcase name="testB" time="0.504" classname="testngcheck.Demo1"/>
  <system-out>
    <![CDATA[Test B]]>
  </system-out>
  <testcase name="testB" time="0.505" classname="testngcheck.Demo1"/>
  <system-out>
    <![CDATA[Test B]]>
  </system-out>
  <testcase name="testB" time="0.503" classname="testngcheck.Demo1"/>
  <system-out>
    <![CDATA[Test B]]>
  </system-out>
  <testcase name="testA" time="0.503" classname="testngcheck.Demo1"/>
  <system-out>
    <![CDATA[Test A]]>
  </system-out>
  <testcase name="testA" time="0.504" classname="testngcheck.Demo1"/>
  <system-out>
    <![CDATA[Test A]]>
  </system-out>
  <testcase name="testA" time="0.505" classname="testngcheck.Demo1"/>
  <system-out>
    <![CDATA[Test A]]>
  </system-out>
  <testcase name="testA" time="0.512" classname="testngcheck.Demo1"/>
  <system-out>
    <![CDATA[Test A]]>
  </system-out>
</testsuite> <!-- testngcheck.Demo1 -->
