<?xml version="1.0" encoding="UTF-8"?>
<!-- Generated by org.testng.reporters.JUnitReportReporter -->
<testsuite skipped="1" hostname="B15-IT-C27650" name="retryListener3.RetryDemo2" tests="3" failures="0" timestamp="2021-11-27T18:51:08 IST" time="0.039" errors="0">
  <testcase name="testB" time="0.006" classname="retryListener3.RetryDemo2"/>
  <system-out>
    <![CDATA[TEST B]]>
  </system-out>
  <testcase name="testA" time="0.015" classname="retryListener3.RetryDemo2"/>
  <system-out>
    <![CDATA[TEST A]]>
  </system-out>
  <testcase name="testB" time="0.018" classname="retryListener3.RetryDemo2">
    <skipped/>
  </testcase> <!-- testB -->
  <system-out>
    <![CDATA[TEST B]]>
  </system-out>
</testsuite> <!-- retryListener3.RetryDemo2 -->
