<?xml version="1.0" encoding="UTF-8"?>
<!-- Generated by org.testng.reporters.JUnitReportReporter -->
<testsuite skipped="0" hostname="B15-IT-C27650" name="HYBD_FW.GroupingDemo" tests="9" failures="0" timestamp="2021-11-21T16:22:21 IST" time="0.083" errors="0">
  <testcase name="createUser" time="0.021" classname="HYBD_FW.GroupingDemo"/>
  <system-out>
    <![CDATA[createUser]]>
  </system-out>
  <testcase name="editUser" time="0.005" classname="HYBD_FW.GroupingDemo"/>
  <system-out>
    <![CDATA[editUser]]>
  </system-out>
  <testcase name="deleteUser" time="0.007" classname="HYBD_FW.GroupingDemo"/>
  <system-out>
    <![CDATA[deleteUser]]>
  </system-out>
  <testcase name="createAccount" time="0.016" classname="HYBD_FW.GroupingDemo"/>
  <system-out>
    <![CDATA[createAccount]]>
  </system-out>
  <testcase name="editAccount" time="0.013" classname="HYBD_FW.GroupingDemo"/>
  <system-out>
    <![CDATA[editAccount]]>
  </system-out>
  <testcase name="deleteAccount" time="0.009" classname="HYBD_FW.GroupingDemo"/>
  <system-out>
    <![CDATA[deleteAccount]]>
  </system-out>
  <testcase name="createProduct" time="0.004" classname="HYBD_FW.GroupingDemo"/>
  <system-out>
    <![CDATA[createProduct]]>
  </system-out>
  <testcase name="editproduct" time="0.004" classname="HYBD_FW.GroupingDemo"/>
  <system-out>
    <![CDATA[editproduct]]>
  </system-out>
  <testcase name="deleteProduct" time="0.004" classname="HYBD_FW.GroupingDemo"/>
  <system-out>
    <![CDATA[deleteProduct]]>
  </system-out>
</testsuite> <!-- HYBD_FW.GroupingDemo -->
