<?xml version="1.0" encoding="UTF-8"?>
<!-- Generated by org.testng.reporters.JUnitReportReporter -->
<testsuite skipped="0" hostname="B15-IT-C27650" name="HYBD_FW.MultipleTest" tests="2" failures="0" timestamp="2021-11-07T11:52:33 IST" time="0.018" errors="0">
  <testcase name="test1" time="0.016" classname="HYBD_FW.MultipleTest"/>
  <system-out>
    <![CDATA[TEST 1]]>
  </system-out>
  <testcase name="test2" time="0.002" classname="HYBD_FW.MultipleTest"/>
  <system-out>
    <![CDATA[TEST 2]]>
  </system-out>
</testsuite> <!-- HYBD_FW.MultipleTest -->
