<?xml version="1.0" encoding="UTF-8"?>
<!-- Generated by org.testng.reporters.JUnitReportReporter -->
<testsuite skipped="0" hostname="B15-IT-C27650" name="HYBD_FW.Demo1" tests="9" failures="0" timestamp="2021-11-07T16:29:14 IST" time="0.026" errors="0">
  <testcase name="createUser" time="0.011" classname="HYBD_FW.Demo1"/>
  <system-out>
    <![CDATA[createUser]]>
  </system-out>
  <testcase name="editUser" time="0.002" classname="HYBD_FW.Demo1"/>
  <system-out>
    <![CDATA[editUser]]>
  </system-out>
  <testcase name="deleteUser" time="0.002" classname="HYBD_FW.Demo1"/>
  <system-out>
    <![CDATA[deleteUser]]>
  </system-out>
  <testcase name="createAccount" time="0.001" classname="HYBD_FW.Demo1"/>
  <system-out>
    <![CDATA[createAccount]]>
  </system-out>
  <testcase name="editAccount" time="0.002" classname="HYBD_FW.Demo1"/>
  <system-out>
    <![CDATA[editAccount]]>
  </system-out>
  <testcase name="deleteAccount" time="0.001" classname="HYBD_FW.Demo1"/>
  <system-out>
    <![CDATA[deleteAccount]]>
  </system-out>
  <testcase name="createProduct" time="0.002" classname="HYBD_FW.Demo1"/>
  <system-out>
    <![CDATA[createProduct]]>
  </system-out>
  <testcase name="editproduct" time="0.003" classname="HYBD_FW.Demo1"/>
  <system-out>
    <![CDATA[editproduct]]>
  </system-out>
  <testcase name="deleteProduct" time="0.002" classname="HYBD_FW.Demo1"/>
  <system-out>
    <![CDATA[deleteProduct]]>
  </system-out>
</testsuite> <!-- HYBD_FW.Demo1 -->
