<?xml version="1.0" encoding="UTF-8"?>
<!-- Generated by org.testng.reporters.JUnitReportReporter -->
<testsuite skipped="0" hostname="B15-IT-C27650" name="HYBD_FW.ExcelResultStatus" tests="2" failures="0" timestamp="2021-11-21T16:22:21 IST" time="3.400" errors="0">
  <testcase name="logout" time="2.183" classname="HYBD_FW.ExcelResultStatus"/>
  <system-out>
    <![CDATA[logout]]>
  </system-out>
  <testcase name="login" time="1.217" classname="HYBD_FW.ExcelResultStatus"/>
  <system-out>
    <![CDATA[login]]>
  </system-out>
</testsuite> <!-- HYBD_FW.ExcelResultStatus -->
