<?xml version="1.0" encoding="UTF-8"?>
<!-- Generated by org.testng.reporters.JUnitReportReporter -->
<testsuite skipped="0" hostname="B15-IT-C27650" name="HYBD_FW.Date_Provider" tests="2" failures="0" timestamp="2021-11-21T16:22:21 IST" time="0.011" errors="0">
  <testcase name="createuser" time="0.006" classname="HYBD_FW.Date_Provider"/>
  <system-out>
    <![CDATA[Vijay Udagatti]]>
  </system-out>
  <testcase name="createuser" time="0.005" classname="HYBD_FW.Date_Provider"/>
  <system-out>
    <![CDATA[Ranebennur 581115]]>
  </system-out>
</testsuite> <!-- HYBD_FW.Date_Provider -->
