<?xml version="1.0" encoding="UTF-8"?>
<!-- Generated by org.testng.reporters.JUnitReportReporter -->
<testsuite skipped="0" hostname="B15-IT-C27650" name="HYBD_FW.MultipleTest2" tests="1" failures="0" timestamp="2021-11-21T16:22:21 IST" time="0.003" errors="0">
  <testcase name="test" time="0.003" classname="HYBD_FW.MultipleTest2"/>
  <system-out>
    <![CDATA[TEST 2]]>
  </system-out>
</testsuite> <!-- HYBD_FW.MultipleTest2 -->
