<?xml version="1.0" encoding="UTF-8"?>
<!-- Generated by org.testng.reporters.JUnitReportReporter -->
<testsuite skipped="0" hostname="B15-IT-C27650" name="HYBD_FW.TestNGtest" tests="2" failures="0" timestamp="2021-11-21T16:22:21 IST" time="0.017" errors="0">
  <testcase name="demo1" time="0.002" classname="HYBD_FW.TestNGtest"/>
  <system-out>
    <![CDATA[DEMO1]]>
  </system-out>
  <testcase name="demo" time="0.015" classname="HYBD_FW.TestNGtest"/>
  <system-out>
    <![CDATA[DEMO]]>
  </system-out>
</testsuite> <!-- HYBD_FW.TestNGtest -->
