<?xml version="1.0" encoding="UTF-8"?>
<!-- Generated by org.testng.reporters.JUnitReportReporter -->
<testsuite skipped="0" hostname="B15-IT-C27650" name="testngcheck.SeleniumParallel" tests="2" failures="0" timestamp="2021-11-28T13:32:02 IST" time="48.391" errors="0">
  <testcase name="testBrowser" time="20.599" classname="testngcheck.SeleniumParallel"/>
  <system-out/>
  <testcase name="testBrowser" time="27.792" classname="testngcheck.SeleniumParallel"/>
  <system-out/>
</testsuite> <!-- testngcheck.SeleniumParallel -->
