<?xml version="1.0" encoding="UTF-8"?>
<!-- Generated by org.testng.reporters.JUnitReportReporter -->
<testsuite skipped="0" hostname="B15-IT-C27650" name="extentReport.ScreenshotTaking" tests="1" failures="0" timestamp="2021-12-11T16:54:03 IST" time="18.264" errors="0">
  <testcase name="screenshot" time="18.264" classname="extentReport.ScreenshotTaking"/>
</testsuite> <!-- extentReport.ScreenshotTaking -->
