<?xml version="1.0" encoding="UTF-8"?>
<!-- Generated by org.testng.reporters.JUnitReportReporter -->
<testsuite skipped="0" hostname="B15-IT-C27650" name="screnshotTaking.ListenerTestandScreenshot" tests="1" failures="0" timestamp="2021-12-17T17:52:21 IST" time="24.607" errors="0">
  <testcase name="testA" time="24.607" classname="screnshotTaking.ListenerTestandScreenshot"/>
</testsuite> <!-- screnshotTaking.ListenerTestandScreenshot -->
