<?xml version="1.0" encoding="UTF-8"?>
<!-- Generated by org.testng.reporters.JUnitReportReporter -->
<testsuite hostname="B15-IT-C27650" failures="0" tests="1" name="listener.ListenerTest" time="12.428" errors="0" timestamp="2022-01-30T14:24:56 IST" skipped="0">
  <testcase classname="listener.ListenerTest" name="testA" time="12.428"/>
</testsuite> <!-- listener.ListenerTest -->
