<?xml version="1.0" encoding="UTF-8"?>
<!-- Generated by org.testng.reporters.JUnitReportReporter -->
<testsuite skipped="0" hostname="B15-IT-C27650" name="extentReport.ScreenshotTakingDesktop" tests="1" failures="0" timestamp="2021-12-11T18:05:25 IST" time="17.685" errors="0">
  <testcase name="screenshot" time="17.685" classname="extentReport.ScreenshotTakingDesktop"/>
</testsuite> <!-- extentReport.ScreenshotTakingDesktop -->
