<?xml version="1.0" encoding="UTF-8"?>
<!-- Generated by org.testng.reporters.JUnitReportReporter -->
<testsuite skipped="0" hostname="B15-IT-C27650" name="automation.Verification_of_jars" tests="1" failures="0" timestamp="2021-12-11T11:19:45 IST" time="9.455" errors="0">
  <testcase name="testA" time="9.455" classname="automation.Verification_of_jars"/>
</testsuite> <!-- automation.Verification_of_jars -->
