<?xml version="1.0" encoding="UTF-8"?>
<!-- Generated by org.testng.reporters.JUnitReportReporter -->
<testsuite skipped="0" hostname="B15-IT-C27650" name="extentscreenshots.ExtentreportTest2" tests="1" failures="0" timestamp="2021-12-12T15:31:08 IST" time="13.968" errors="0">
  <testcase name="report" time="13.968" classname="extentscreenshots.ExtentreportTest2"/>
</testsuite> <!-- extentscreenshots.ExtentreportTest2 -->
