<?xml version="1.0" encoding="UTF-8"?>
<!-- Generated by org.testng.reporters.JUnitReportReporter -->
<testsuite skipped="0" hostname="B15-IT-C27650" name="automation.WebDriverMngr" tests="1" failures="0" timestamp="2021-12-11T13:07:39 IST" time="9.460" errors="0">
  <testcase name="testA" time="9.460" classname="automation.WebDriverMngr"/>
</testsuite> <!-- automation.WebDriverMngr -->
