<?xml version="1.0" encoding="UTF-8"?>
<!-- Generated by org.testng.reporters.JUnitReportReporter -->
<testsuite skipped="0" hostname="B15-IT-C27650" name="automation.Log4jTest" tests="1" failures="0" timestamp="2021-12-11T13:24:04 IST" time="0.063" errors="0">
  <testcase name="log4jTest" time="0.063" classname="automation.Log4jTest"/>
</testsuite> <!-- automation.Log4jTest -->
