<?xml version="1.0" encoding="UTF-8"?>
<!-- Generated by org.testng.reporters.JUnitReportReporter -->
<testsuite skipped="0" hostname="B15-IT-C27650" name="Verification_of_jars" tests="1" failures="0" timestamp="2021-12-11T11:06:31 IST" time="13.165" errors="0">
  <testcase name="testA" time="13.165" classname="Verification_of_jars"/>
</testsuite> <!-- Verification_of_jars -->
