<?xml version="1.0" encoding="UTF-8"?>
<!-- Generated by org.testng.reporters.JUnitReportReporter -->
<testsuite skipped="0" hostname="B15-IT-C27650" name="automation.Log4jWithPropertyFile" tests="1" failures="0" timestamp="2021-12-11T14:27:17 IST" time="0.111" errors="0">
  <testcase name="log4jTest" time="0.111" classname="automation.Log4jWithPropertyFile"/>
</testsuite> <!-- automation.Log4jWithPropertyFile -->
