<?xml version="1.0" encoding="UTF-8"?>
<!-- Generated by org.testng.reporters.JUnitReportReporter -->
<testsuite skipped="0" hostname="B15-IT-C27650" name="extentReport.ScreenshotTakingFullpage" tests="1" failures="0" timestamp="2021-12-11T17:01:53 IST" time="19.693" errors="0">
  <testcase name="screenshot" time="19.693" classname="extentReport.ScreenshotTakingFullpage"/>
</testsuite> <!-- extentReport.ScreenshotTakingFullpage -->
