<?xml version="1.0" encoding="UTF-8"?>
<!-- Generated by org.testng.reporters.JUnitReportReporter -->
<testsuite hostname="B15-IT-C27650" failures="0" tests="1" name="extentReport.ExtentreportTest" time="1.194" errors="0" timestamp="2022-01-02T17:22:33 IST" skipped="0">
  <testcase classname="extentReport.ExtentreportTest" name="report" time="1.194"/>
</testsuite> <!-- extentReport.ExtentreportTest -->
