<?xml version="1.0" encoding="UTF-8"?>
<!-- Generated by org.testng.reporters.JUnitReportReporter -->
<testsuite hostname="B15-IT-C27650" failures="0" tests="2" name="scripts.LoginTest" time="31.342" errors="0" timestamp="30 Jan 2022 12:10:57 GMT" skipped="0">
  <testcase classname="scripts.LoginTest" name="testLogin" time="22.345"/>
  <testcase classname="scripts.LoginTest" name="testLogin" time="8.997"/>
</testsuite> <!-- scripts.LoginTest -->
