<?xml version="1.0" encoding="UTF-8"?>
<!-- Generated by org.testng.reporters.JUnitReportReporter -->
<testsuite hostname="B15-IT-C27650" failures="0" tests="1" name="scripts.LoginTest" time="9.134" errors="0" timestamp="29 Jan 2022 12:24:21 GMT" skipped="0">
  <testcase classname="scripts.LoginTest" name="testLogin" time="9.134"/>
</testsuite> <!-- scripts.LoginTest -->
